<?xml version="1.0" encoding="UTF-8"?>
<!-- Generated by org.testng.reporters.JUnitReportReporter -->
<testsuite hostname="IdeaPad3-15IIL05" failures="0" tests="4" name="testng1.FourthTest" time="0.010" errors="0" timestamp="2023-08-05T10:04:34 IST" skipped="0">
  <testcase classname="testng1.FourthTest" name="verifyLogin" time="0.002"/>
  <testcase classname="testng1.FourthTest" name="launchBrowser" time="0.001"/>
  <testcase classname="testng1.FourthTest" name="enterUrl" time="0.003"/>
  <testcase classname="testng1.FourthTest" name="closeBrowser" time="0.004"/>
</testsuite> <!-- testng1.FourthTest -->
