<?xml version="1.0" encoding="UTF-8"?>
<!-- Generated by org.testng.reporters.JUnitReportReporter -->
<testsuite hostname="IdeaPad3-15IIL05" failures="0" tests="2" name="testng1.DependOnMethods" time="0.004" errors="0" timestamp="2023-08-05T10:04:34 IST" skipped="0">
  <testcase classname="testng1.DependOnMethods" name="M2" time="0.002"/>
  <testcase classname="testng1.DependOnMethods" name="M1" time="0.002"/>
</testsuite> <!-- testng1.DependOnMethods -->
