<?xml version="1.0" encoding="UTF-8"?>
<!-- Generated by org.testng.reporters.JUnitReportReporter -->
<testsuite hostname="IdeaPad3-15IIL05" failures="0" tests="2" name="swaglab.ParallelTest" time="49.970" errors="0" timestamp="2023-09-04T12:04:18 IST" skipped="0">
  <testcase classname="swaglab.ParallelTest" name="verifyLogo" time="44.417"/>
  <testcase classname="swaglab.ParallelTest" name="verifyTitle" time="5.553"/>
</testsuite> <!-- swaglab.ParallelTest -->
