<?xml version="1.0" encoding="UTF-8"?>
<!-- Generated by org.testng.reporters.JUnitReportReporter -->
<testsuite hostname="IdeaPad3-15IIL05" failures="0" tests="2" name="swaglab.ParallelTest" time="21.260" errors="0" timestamp="2023-08-28T11:10:37 IST" skipped="0">
  <testcase classname="swaglab.ParallelTest" name="verifyLogo" time="11.653"/>
  <testcase classname="swaglab.ParallelTest" name="verifyTitle" time="9.607"/>
</testsuite> <!-- swaglab.ParallelTest -->
