<?xml version="1.0" encoding="UTF-8"?>
<!-- Generated by org.testng.reporters.JUnitReportReporter -->
<testsuite hostname="IdeaPad3-15IIL05" failures="0" tests="2" name="swaglab.ParallelTest" time="52.468" errors="0" timestamp="2023-08-05T10:04:34 IST" skipped="0">
  <testcase classname="swaglab.ParallelTest" name="verifyLogo" time="43.653"/>
  <testcase classname="swaglab.ParallelTest" name="verifyTitle" time="8.815"/>
</testsuite> <!-- swaglab.ParallelTest -->
