<?xml version="1.0" encoding="UTF-8"?>
<!-- Generated by org.testng.reporters.JUnitReportReporter -->
<testsuite hostname="IdeaPad3-15IIL05" failures="0" tests="2" name="facebookLogin.FacebookLogin" time="49.555" errors="0" timestamp="2023-09-04T12:02:57 IST" skipped="0">
  <testcase classname="facebookLogin.FacebookLogin" name="launchBrowser" time="5.293"/>
  <testcase classname="facebookLogin.FacebookLogin" name="enterLoginDetails" time="44.262"/>
</testsuite> <!-- facebookLogin.FacebookLogin -->
