<?xml version="1.0" encoding="UTF-8"?>
<!-- Generated by org.testng.reporters.JUnitReportReporter -->
<testsuite hostname="IdeaPad3-15IIL05" failures="0" tests="2" name="testng1.SecondTest" time="0.014" errors="0" timestamp="2023-08-05T10:11:16 IST" skipped="0">
  <testcase classname="testng1.SecondTest" name="sairat" time="0.002"/>
  <testcase classname="testng1.SecondTest" name="padmavat" time="0.012"/>
</testsuite> <!-- testng1.SecondTest -->
