<?xml version="1.0" encoding="UTF-8"?>
<!-- Generated by org.testng.reporters.JUnitReportReporter -->
<testsuite hostname="IdeaPad3-15IIL05" failures="0" tests="1" name="testng1.ThirdTest" time="0.004" errors="0" timestamp="2023-08-05T10:04:34 IST" skipped="0">
  <testcase classname="testng1.ThirdTest" name="doremon" time="0.004"/>
</testsuite> <!-- testng1.ThirdTest -->
