<?xml version="1.0" encoding="UTF-8"?>
<!-- Generated by org.testng.reporters.JUnitReportReporter -->
<testsuite hostname="IdeaPad3-15IIL05" failures="0" tests="2" name="orangehrm.OrangeHRM" time="50.741" errors="0" timestamp="2023-07-29T11:59:18 IST" skipped="0">
  <testcase classname="orangehrm.OrangeHRM" name="launchBrowser" time="11.954"/>
  <testcase classname="orangehrm.OrangeHRM" name="enterLoginDetails" time="38.787"/>
</testsuite> <!-- orangehrm.OrangeHRM -->
