<?xml version="1.0" encoding="UTF-8"?>
<!-- Generated by org.testng.reporters.JUnitReportReporter -->
<testsuite hostname="IdeaPad3-15IIL05" failures="0" tests="2" name="salesforce.SalesforceLogin" time="22.071" errors="0" timestamp="2023-07-29T11:02:18 IST" skipped="0">
  <testcase classname="salesforce.SalesforceLogin" name="launchBrowser" time="10.483"/>
  <testcase classname="salesforce.SalesforceLogin" name="enterLoginDetails" time="11.588"/>
</testsuite> <!-- salesforce.SalesforceLogin -->
