<?xml version="1.0" encoding="UTF-8"?>
<!-- Generated by org.testng.reporters.JUnitReportReporter -->
<testsuite hostname="IdeaPad3-15IIL05" failures="0" tests="1" name="testng.Parameterization" time="0.011" errors="0" timestamp="2023-08-05T10:13:19 IST" skipped="0">
  <testcase classname="testng.Parameterization" name="salesforce" time="0.011"/>
</testsuite> <!-- testng.Parameterization -->
