<?xml version="1.0" encoding="UTF-8"?>
<!-- Generated by org.testng.reporters.JUnitReportReporter -->
<testsuite hostname="IdeaPad3-15IIL05" failures="0" tests="2" name="testng1.GroupsAtt" time="0.002" errors="0" timestamp="2023-08-05T10:10:15 IST" skipped="0">
  <testcase classname="testng1.GroupsAtt" name="bajiraoMastani" time="0.001"/>
  <testcase classname="testng1.GroupsAtt" name="mr_India" time="0.001"/>
</testsuite> <!-- testng1.GroupsAtt -->
