<?xml version="1.0" encoding="UTF-8"?>
<!-- Generated by org.testng.reporters.JUnitReportReporter -->
<testsuite hostname="IdeaPad3-15IIL05" failures="0" tests="10" name="testng.InvocationCount" time="0.010" errors="0" timestamp="2023-08-05T10:04:34 IST" skipped="0">
  <testcase classname="testng.InvocationCount" name="loop" time="0.001"/>
  <testcase classname="testng.InvocationCount" name="loop" time="0.001"/>
  <testcase classname="testng.InvocationCount" name="loop" time="0.001"/>
  <testcase classname="testng.InvocationCount" name="loop" time="0.001"/>
  <testcase classname="testng.InvocationCount" name="loop" time="0.001"/>
  <testcase classname="testng.InvocationCount" name="loop" time="0.001"/>
  <testcase classname="testng.InvocationCount" name="loop" time="0.000"/>
  <testcase classname="testng.InvocationCount" name="loop" time="0.002"/>
  <testcase classname="testng.InvocationCount" name="loop" time="0.001"/>
  <testcase classname="testng.InvocationCount" name="loop" time="0.001"/>
</testsuite> <!-- testng.InvocationCount -->
