<?xml version="1.0" encoding="UTF-8"?>
<!-- Generated by org.testng.reporters.JUnitReportReporter -->
<testsuite hostname="IdeaPad3-15IIL05" failures="0" tests="2" name="testng.FirstTest" time="0.008" errors="0" timestamp="2023-08-05T10:04:34 IST" skipped="0">
  <testcase classname="testng.FirstTest" name="Bheem" time="0.005"/>
  <testcase classname="testng.FirstTest" name="ninja" time="0.003"/>
</testsuite> <!-- testng.FirstTest -->
