<?xml version="1.0" encoding="UTF-8"?>
<!-- Generated by org.testng.reporters.JUnitReportReporter -->
<testsuite hostname="IdeaPad3-15IIL05" failures="0" tests="2" name="testng1.ThirdTest" time="0.010" errors="0" timestamp="2023-08-10T15:13:56 IST" skipped="0">
  <testcase classname="testng1.ThirdTest" name="testCase1" time="0.006"/>
  <testcase classname="testng1.ThirdTest" name="testCase2" time="0.004"/>
</testsuite> <!-- testng1.ThirdTest -->
